<!DOCTYPE html>
<html>
    <head>
        

        <meta charset="utf-8">
        <meta http-equiv="X-UA-Compatible" content="IE=edge">
        <meta name="viewport" content="width=device-width, initial-scale=1">

        <meta property="og:title" content="Python 3.3 failing to install on Arch Linux" />
        <meta property="og:type" content="website" />
        <meta property="og:url" content="https://explodinglabs.com/posts/" />
        <meta property="og:image" content="https://explodinglabs.com/posts/posts/assets/opengraph.png" />
        <meta property="og:image:secure_url" content="https://explodinglabs.com/posts/posts/assets/opengraph.png" />
        <meta property="og:image:type" content="image/png" />
        <meta property="og:image:width" content="1200" />
        <meta property="og:image:height" content="630" />
        <meta property="og:image:alt" content="Composition in architecture" />

        <link rel="stylesheet" href="/posts/index.css">
        <link rel="alternate" type="application/rss+xml" title="Exploding Labs" href="https://explodinglabs.com/posts/feed.xml">
        <link rel="author" href="https://plus.google.com/u/0/110235318020270619650?rel=author" />

        <link rel="icon" type="image/png" href="/posts/assets/favicon-16x16.png?v=2" sizes="16x16">
        <link rel="icon" type="image/png" href="/posts/assets/favicon-32x32.png?v=2" sizes="32x32">
        <link rel="icon" type="image/png" href="/posts/assets/favicon-96x96.png?v=2" sizes="96x96">

        <link rel="apple-touch-icon" sizes="120x120" href="/posts/assets/apple-touch-icon-120x120.png?v=2">
        <link rel="apple-touch-icon" sizes="152x152" href="/posts/assets/apple-touch-icon-152x152.png?v=2">
        <link rel="apple-touch-icon" sizes="167x167" href="/posts/assets/apple-touch-icon-167x167.png?v=2">
        <link rel="apple-touch-icon" sizes="180x180" href="/posts/assets/apple-touch-icon-180x180.png?v=2">

        

        <!-- Begin Jekyll SEO tag v2.8.0 -->
<title>Python 3.3 failing to install on Arch Linux | Exploding Labs</title>
<meta name="generator" content="Jekyll v4.3.4" />
<meta property="og:title" content="Python 3.3 failing to install on Arch Linux" />
<meta name="author" content="Exploding Labs" />
<meta property="og:locale" content="en_AU" />
<meta name="description" content="Posts about Exploding Labs projects and other interests." />
<meta property="og:description" content="Posts about Exploding Labs projects and other interests." />
<link rel="canonical" href="https://explodinglabs.com/posts/python/archlinux-python33-install-fails" />
<meta property="og:url" content="https://explodinglabs.com/posts/python/archlinux-python33-install-fails" />
<meta property="og:site_name" content="Exploding Labs" />
<meta property="og:type" content="article" />
<meta property="article:published_time" content="2016-07-22T00:00:00+00:00" />
<meta name="twitter:card" content="summary" />
<meta property="twitter:title" content="Python 3.3 failing to install on Arch Linux" />
<script type="application/ld+json">
{"@context":"https://schema.org","@type":"BlogPosting","author":{"@type":"Person","name":"Exploding Labs"},"dateModified":"2025-07-30T23:48:42+00:00","datePublished":"2016-07-22T00:00:00+00:00","description":"Posts about Exploding Labs projects and other interests.","headline":"Python 3.3 failing to install on Arch Linux","mainEntityOfPage":{"@type":"WebPage","@id":"https://explodinglabs.com/posts/python/archlinux-python33-install-fails"},"url":"https://explodinglabs.com/posts/python/archlinux-python33-install-fails"}</script>
<!-- End Jekyll SEO tag -->

    </head>
    <body>
        



<nav>
  <div id="logo">
    <a href="https://explodinglabs.com/">Exploding Labs</a>
  </div>
  <div id="categories">
    <a href="/posts/">All Posts</a> 
    <span>(75)</span>

    <a href="/posts/superstack/">SuperStack</a>
    <span>(1)</span>

    <a href="/posts/jsonrpc/">JSON-RPC</a>
    <span>(16)</span>

<!--
    <a href="/posts/haskell/">Haskell</a>
    <span>(2)</span>
    
    <a href="/posts/python/">Python</a>
    <span>(19)</span>

    <a href="/posts/airflow/">Airflow</a>
    <span>(6)</span>
-->
  </div>
</nav>

<main>

    <article itemscope itemtype="http://schema.org/BlogPosting">
        <header>
            <h1>Python 3.3 failing to install on Arch Linux</h1>
            <div class="post-meta">
                <time datetime="2016-07-22T00:00:00+00:00" itemprop="datePublished">
                    Beau Barker, <time>Jul 22, 2016</time>.
                    
                        Updated <time>Jul 30, 2025</time>.
                    
                    <a href="https://github.com/explodinglabs/posts/edit/main/docs/_posts/python/2016-07-22-archlinux-python33-install-fails.markdown">
                        &#9998;
                    </a>
                </time>
            </div>
        </header>
        <div class="wide-logos">
  <p><img src="/posts/assets/python.png" alt="python" /></p>
</div>

<p>Installing Python 3.3 on Arch tonight, two tests failed:</p>

<div class="language-plaintext highlighter-rouge"><div class="highlight"><pre class="highlight"><code>[157/372] test_import
test test_import failed -- Traceback (most recent call last):
  File "/tmp/packerbuild-1000/python33/python33/src/Python-3.3.6/Lib/test/test_import.py", line 307, in test_timestamp_overflow
      os.stat(compiled)
      FileNotFoundError: [Errno 2] No such file or directory: '__pycache__/@test_9865_tmp.cpython-33.pyc'
</code></pre></div></div>

<p>Another test:</p>

<div class="language-plaintext highlighter-rouge"><div class="highlight"><pre class="highlight"><code>[251/372/1] test_pyexpat
test test_pyexpat failed -- Traceback (most recent call last):
  File "/tmp/packerbuild-1000/python33/python33/src/Python-3.3.6/Lib/test/test_pyexpat.py", line 607, in test2
      parser.Parse(xml, True)
      xml.parsers.expat.ExpatError: XML declaration not well-formed: line 1, column 13

During handling of the above exception, another exception occurred:

Traceback (most recent call last):
  File "/tmp/packerbuild-1000/python33/python33/src/Python-3.3.6/Lib/test/test_pyexpat.py", line 610, in test2
      self.assertEqual(str(e), 'XML declaration not well-formed: line 1, column 14')
      AssertionError: 'XML declaration not well-formed: line 1, column 13' != 'XML declaration not well-formed: line 1, column 14'
      - XML declaration not well-formed: line 1, column 13
      ?                                                  ^
      + XML declaration not well-formed: line 1, column 14
      ?
</code></pre></div></div>

<p>Test results:</p>

<div class="language-plaintext highlighter-rouge"><div class="highlight"><pre class="highlight"><code>347 tests OK.
2 tests failed: test_import test_pyexpat
23 tests skipped:
    test_codecmaps_cn test_codecmaps_hk test_codecmaps_jp
    test_codecmaps_kr test_codecmaps_tw test_curses test_devpoll
    test_gdb test_kqueue test_msilib test_ossaudiodev test_smtpnet
    test_socketserver test_startfile test_timeout test_tk
    test_ttk_guionly test_urllib2net test_urllibnet test_winreg
    test_winsound test_xmlrpc_net test_zipfile64
Those skips are all expected on linux.
==&gt; ERROR: A failure occurred in check().
Aborting...
The build failed.
</code></pre></div></div>

<p>Easiest fix was to skip the tests:</p>

<div class="language-plaintext highlighter-rouge"><div class="highlight"><pre class="highlight"><code># packer -S packer33
</code></pre></div></div>

<p>When packer asked to edit the PKGBUILD I said yes, and removed the <code class="language-plaintext highlighter-rouge">check()</code>
function in which the tests were running.</p>

        <footer>
          <a href="/posts/python">More Python posts</a>
        </footer>
    </article>

    

</main>

    </body>
</html>
